<?xml version="1.0" encoding="UTF-8"?>
<testsuite name="runners.Runner" tests="2" skipped="0" failures="0" errors="0" timestamp="2023-11-11T22:39:09" hostname="CHBOG1KTKDL3" time="4.425">
  <properties/>
  <testcase name="Creation User" classname="runners.Runner" time="4.026"/>
  <testcase name="Get an user" classname="runners.Runner" time="0.395"/>
  <system-out><![CDATA[]]></system-out>
  <system-err><![CDATA[]]></system-err>
</testsuite>
